<?xml version="1.0" encoding="UTF-8"?>
<!-- Generated by org.testng.reporters.JUnitReportReporter -->
<testsuite hostname="DESKTOP-IOPT89R" failures="0" tests="1" name="testCases.TC002_LoginTest" time="3.278" errors="0" timestamp="2024-10-05T08:29:21 PDT" skipped="0">
  <testcase classname="testCases.TC002_LoginTest" name="Verify_login" time="3.278"/>
</testsuite> <!-- testCases.TC002_LoginTest -->
