<?xml version="1.0" encoding="UTF-8"?>
<!-- Generated by org.testng.reporters.JUnitReportReporter -->
<testsuite hostname="DESKTOP-IOPT89R" failures="0" tests="1" name="testCases.TC002_LoginTest" time="2.918" errors="0" timestamp="2024-10-05T12:15:47 PDT" skipped="0">
  <testcase classname="testCases.TC002_LoginTest" name="Verify_login" time="2.918"/>
</testsuite> <!-- testCases.TC002_LoginTest -->
