<?xml version="1.0" encoding="UTF-8"?>
<!-- Generated by org.testng.reporters.JUnitReportReporter -->
<testsuite hostname="DESKTOP-IOPT89R" failures="0" tests="1" name="testCases.TC001_AccountRegisterationTest" time="4.830" errors="0" timestamp="2024-10-05T12:15:47 PDT" skipped="0">
  <testcase classname="testCases.TC001_AccountRegisterationTest" name="verify_account_registeration" time="4.830"/>
</testsuite> <!-- testCases.TC001_AccountRegisterationTest -->
